INFO [2018-03-07 10:43:04] [[1]]
INFO [2018-03-07 10:43:04] list(list1$genes, list2$genes)
INFO [2018-03-07 10:43:04] 
INFO [2018-03-07 10:43:04] $category.names
INFO [2018-03-07 10:43:04] c(type1, type2)
INFO [2018-03-07 10:43:04] 
INFO [2018-03-07 10:43:04] $lwd
INFO [2018-03-07 10:43:04] [1] 0.1
INFO [2018-03-07 10:43:04] 
INFO [2018-03-07 10:43:04] $height
INFO [2018-03-07 10:43:04] [1] 5000
INFO [2018-03-07 10:43:04] 
INFO [2018-03-07 10:43:04] $width
INFO [2018-03-07 10:43:04] [1] 4500
INFO [2018-03-07 10:43:04] 
INFO [2018-03-07 10:43:04] $col
INFO [2018-03-07 10:43:04] [1] "grey"
INFO [2018-03-07 10:43:04] 
INFO [2018-03-07 10:43:04] $filename
INFO [2018-03-07 10:43:04] NULL
INFO [2018-03-07 10:43:04] 
INFO [2018-03-07 10:43:04] $main
INFO [2018-03-07 10:43:04] (paste0(cancerType, " ", direction, "-regulated genes"))
INFO [2018-03-07 10:43:04] 
INFO [2018-03-07 10:43:04] $fill
INFO [2018-03-07 10:43:04] c(4, 2)
INFO [2018-03-07 10:43:04] 
INFO [2018-03-07 10:43:04] $alpha
INFO [2018-03-07 10:43:04] [1] 0.3
INFO [2018-03-07 10:43:04] 
INFO [2018-03-07 10:43:04] $main.cex
INFO [2018-03-07 10:43:04] [1] 2
INFO [2018-03-07 10:43:04] 
INFO [2018-03-07 10:43:04] $cat.cex
INFO [2018-03-07 10:43:04] [1] 2
INFO [2018-03-07 10:43:04] 
INFO [2018-03-07 10:43:04] $cex
INFO [2018-03-07 10:43:04] [1] 2
INFO [2018-03-07 10:43:04] 
